c:\users\s189069\source\repos\serverassessment\server\client\x64\debug\vc141.pdb
c:\users\s189069\source\repos\serverassessment\server\client\x64\debug\vc141.idb
c:\users\s189069\source\repos\serverassessment\server\client\x64\debug\main.obj
c:\users\s189069\source\repos\serverassessment\server\client\x64\debug\player.obj
c:\users\s189069\source\repos\serverassessment\server\client\x64\debug\clientinit.obj
c:\users\s189069\source\repos\serverassessment\server\client\x64\debug\clientwindow.obj
c:\users\s189069\source\repos\serverassessment\server\client\x64\debug\selection.obj
c:\users\s189069\source\repos\clientserverlib\serverassessment\server\client\x64\debug\vc141.pdb
c:\users\s189069\source\repos\clientserverlib\serverassessment\server\client\x64\debug\vc141.idb
c:\users\s189069\source\repos\clientserverlib\serverassessment\server\client\x64\debug\selection.obj
c:\users\s189069\source\repos\clientserverlib\serverassessment\server\client\x64\debug\player.obj
c:\users\s189069\source\repos\clientserverlib\serverassessment\server\client\x64\debug\main.obj
c:\users\s189069\source\repos\clientserverlib\serverassessment\server\client\x64\debug\clientwindow.obj
c:\users\s189069\source\repos\clientserverlib\serverassessment\server\client\x64\debug\clientinit.obj
c:\users\s189069\source\repos\serverassessment\server\x64\debug\client.exe
c:\users\s189069\source\repos\serverassessment\server\x64\debug\client.ilk
c:\users\s189069\source\repos\serverassessment\server\x64\debug\client.pdb
c:\users\s189069\source\repos\clientserverlib\serverassessment\server\x64\debug\client.exe
c:\users\s189069\source\repos\clientserverlib\serverassessment\server\x64\debug\client.ilk
c:\users\s189069\source\repos\clientserverlib\serverassessment\server\x64\debug\client.pdb
c:\users\s189069\source\repos\clientserverlib\serverassessment\server\client\x64\debug\client.tlog\cl.command.1.tlog
c:\users\s189069\source\repos\clientserverlib\serverassessment\server\client\x64\debug\client.tlog\cl.read.1.tlog
c:\users\s189069\source\repos\clientserverlib\serverassessment\server\client\x64\debug\client.tlog\cl.write.1.tlog
c:\users\s189069\source\repos\clientserverlib\serverassessment\server\client\x64\debug\client.tlog\link.7260.read.1.tlog
c:\users\s189069\source\repos\clientserverlib\serverassessment\server\client\x64\debug\client.tlog\link.7260.write.1.tlog
c:\users\s189069\source\repos\clientserverlib\serverassessment\server\client\x64\debug\client.tlog\link.command.1.tlog
c:\users\s189069\source\repos\clientserverlib\serverassessment\server\client\x64\debug\client.tlog\link.read.1.tlog
c:\users\s189069\source\repos\clientserverlib\serverassessment\server\client\x64\debug\client.tlog\link.write.1.tlog
